2024-04-23 13:15:44,842 [Worker-4: Loading available Gradle versions] INFO  o.e.b.c.i.u.g.PublishedGradleVersions - Gradle version information cache is up-to-date. Trying to read.
2024-04-23 13:16:07,113 [Worker-2: Importing Maven projects] INFO  o.e.m.c.i.l.LifecycleMappingFactory - Using org.eclipse.m2e.jdt.JarLifecycleMapping lifecycle mapping for MavenProject: com.salesianostriana.dam:ud8e02operacionesycondiciones:0.0.1-SNAPSHOT @ C:\Users\alonso.aypat22_trian\Desktop\DAM1\Programación\ejemplosangel\UD8E02OperacionesYCondiciones\pom.xml.
2024-04-23 13:16:09,140 [Worker-2: Importing Maven projects] INFO  o.e.m.j.i.AbstractJavaProjectConfigurator - Adding source folder /UD8E02OperacionesYCondiciones/src/main/java
2024-04-23 13:16:09,143 [Worker-2: Importing Maven projects] INFO  o.e.m.j.i.AbstractJavaProjectConfigurator - Adding resource folder /UD8E02OperacionesYCondiciones/src/main/resources
2024-04-23 13:16:09,144 [Worker-2: Importing Maven projects] INFO  o.e.m.j.i.AbstractJavaProjectConfigurator - Adding resource folder /UD8E02OperacionesYCondiciones/src/main/resources
2024-04-23 13:16:09,146 [Worker-2: Importing Maven projects] INFO  o.e.m.j.i.AbstractJavaProjectConfigurator - Adding source folder /UD8E02OperacionesYCondiciones/src/test/java
2024-04-23 13:16:09,147 [Worker-2: Importing Maven projects] INFO  o.e.m.j.i.AbstractJavaProjectConfigurator - Adding resource folder /UD8E02OperacionesYCondiciones/src/test/resources
2024-04-23 13:16:09,725 [Worker-2: Importing Maven projects] INFO  o.e.m.c.i.p.ProjectConfigurationManager - Imported and configured 1 project(s) in 4 sec
2024-04-23 13:16:09,783 [Worker-0: Updating Maven Project] INFO  o.e.m.c.i.p.ProjectConfigurationManager - Update started
2024-04-23 13:16:10,338 [Worker-0: Updating Maven Project] INFO  o.e.m.c.i.l.LifecycleMappingFactory - Using org.eclipse.m2e.jdt.JarLifecycleMapping lifecycle mapping for MavenProject: com.salesianostriana.dam:ud8e02operacionesycondiciones:0.0.1-SNAPSHOT @ C:\Users\alonso.aypat22_trian\Desktop\DAM1\Programación\ejemplosangel\UD8E02OperacionesYCondiciones\pom.xml.
2024-04-23 13:16:11,993 [Worker-0: Updating Maven Project] INFO  o.e.m.j.i.AbstractJavaProjectConfigurator - Adding source folder /UD8E02OperacionesYCondiciones/src/main/java
2024-04-23 13:16:11,994 [Worker-0: Updating Maven Project] INFO  o.e.m.j.i.AbstractJavaProjectConfigurator - Adding resource folder /UD8E02OperacionesYCondiciones/src/main/resources
2024-04-23 13:16:11,994 [Worker-0: Updating Maven Project] INFO  o.e.m.j.i.AbstractJavaProjectConfigurator - Adding resource folder /UD8E02OperacionesYCondiciones/src/main/resources
2024-04-23 13:16:11,995 [Worker-0: Updating Maven Project] INFO  o.e.m.j.i.AbstractJavaProjectConfigurator - Adding source folder /UD8E02OperacionesYCondiciones/src/test/java
2024-04-23 13:16:11,996 [Worker-0: Updating Maven Project] INFO  o.e.m.j.i.AbstractJavaProjectConfigurator - Adding resource folder /UD8E02OperacionesYCondiciones/src/test/resources
2024-04-23 13:16:12,774 [Worker-0: Updating Maven Project] INFO  o.e.m.c.i.p.ProjectConfigurationManager - Update completed for 1 poms: local refresh takes 0,00 sec, refresh facades takes 2,00 sec, update config takes 0,00 sec 
2024-04-23 13:16:14,199 [Worker-0: Building] INFO  o.a.m.s.f.DefaultMavenResourcesFiltering - Copying 1 resource from src\main\resources to target\classes
2024-04-23 13:16:14,214 [Worker-0: Building] INFO  o.a.m.s.f.DefaultMavenResourcesFiltering - Copying 1 resource from src\main\resources to target\classes
2024-04-23 13:16:14,237 [Worker-0: Building] INFO  o.a.m.s.f.DefaultMavenResourcesFiltering - skip non existing resourceDirectory C:\Users\alonso.aypat22_trian\Desktop\DAM1\Programación\ejemplosangel\UD8E02OperacionesYCondiciones\src\test\resources
2024-04-23 13:16:29,544 [Worker-0: Loading available Gradle versions] INFO  o.e.b.c.i.u.g.PublishedGradleVersions - Gradle version information cache is up-to-date. Trying to read.
2024-04-24 09:14:07,783 [Worker-0: Loading available Gradle versions] INFO  o.e.b.c.i.u.g.PublishedGradleVersions - Gradle version information cache is up-to-date. Trying to read.
2024-04-24 09:14:22,378 [Worker-1: Importing Maven projects] ERROR o.e.m.c.i.p.ProjectConfigurationManager - Project UD8E02OperacionesYCondiciones already exists
2024-04-24 09:14:25,471 [Worker-1: Importing Maven projects] INFO  o.e.m.c.i.l.LifecycleMappingFactory - Using org.eclipse.m2e.jdt.JarLifecycleMapping lifecycle mapping for MavenProject: com.salesianostriana.dam:ud8e03buclesyswitch:0.0.1-SNAPSHOT @ C:\Users\alonso.aypat22_trian\Desktop\DAM1\Programación\ejemplosangel\UD8E03BuclesYSwitch\pom.xml.
2024-04-24 09:14:28,281 [Worker-1: Importing Maven projects] INFO  o.e.m.j.i.AbstractJavaProjectConfigurator - Adding source folder /UD8E03BuclesYSwitch/src/main/java
2024-04-24 09:14:28,286 [Worker-1: Importing Maven projects] INFO  o.e.m.j.i.AbstractJavaProjectConfigurator - Adding resource folder /UD8E03BuclesYSwitch/src/main/resources
2024-04-24 09:14:28,288 [Worker-1: Importing Maven projects] INFO  o.e.m.j.i.AbstractJavaProjectConfigurator - Adding resource folder /UD8E03BuclesYSwitch/src/main/resources
2024-04-24 09:14:28,289 [Worker-1: Importing Maven projects] INFO  o.e.m.j.i.AbstractJavaProjectConfigurator - Adding source folder /UD8E03BuclesYSwitch/src/test/java
2024-04-24 09:14:28,290 [Worker-1: Importing Maven projects] INFO  o.e.m.j.i.AbstractJavaProjectConfigurator - Adding resource folder /UD8E03BuclesYSwitch/src/test/resources
2024-04-24 09:14:28,641 [Worker-1: Importing Maven projects] INFO  o.e.m.c.i.p.ProjectConfigurationManager - Imported and configured 2 project(s) in 6 sec
2024-04-24 09:14:30,552 [Worker-1: Building] INFO  o.a.m.s.f.DefaultMavenResourcesFiltering - Copying 1 resource from src\main\resources to target\classes
2024-04-24 09:14:30,576 [Worker-1: Building] INFO  o.a.m.s.f.DefaultMavenResourcesFiltering - Copying 1 resource from src\main\resources to target\classes
2024-04-24 09:14:30,582 [Worker-1: Building] INFO  o.a.m.s.f.DefaultMavenResourcesFiltering - skip non existing resourceDirectory C:\Users\alonso.aypat22_trian\Desktop\DAM1\Programación\ejemplosangel\UD8E02OperacionesYCondiciones\src\test\resources
2024-04-24 09:14:31,707 [Worker-1: Building] INFO  o.a.m.s.f.DefaultMavenResourcesFiltering - Copying 1 resource from src\main\resources to target\classes
2024-04-24 09:14:31,729 [Worker-1: Building] INFO  o.a.m.s.f.DefaultMavenResourcesFiltering - Copying 5 resources from src\main\resources to target\classes
2024-04-24 09:14:31,752 [Worker-1: Building] INFO  o.a.m.s.f.DefaultMavenResourcesFiltering - skip non existing resourceDirectory C:\Users\alonso.aypat22_trian\Desktop\DAM1\Programación\ejemplosangel\UD8E03BuclesYSwitch\src\test\resources
2024-04-25 12:38:52,016 [Worker-1: Loading available Gradle versions] INFO  o.e.b.c.i.u.g.PublishedGradleVersions - Gradle version information cache is up-to-date. Trying to read.
2024-04-25 12:45:25,508 [Worker-1: Import Getting Started Content] INFO  o.e.m.c.i.l.LifecycleMappingFactory - Using org.eclipse.m2e.jdt.JarLifecycleMapping lifecycle mapping for MavenProject: com.salesianostrina.dam:ejemploFragmentosPAA:0.0.1-SNAPSHOT @ C:\Users\alonso.aypat22_trian\Desktop\DAM1\Programación\ejemplosangel\ejemploFragmentosPAA\pom.xml.
2024-04-25 12:45:28,895 [Worker-1: Import Getting Started Content] INFO  o.e.m.j.i.AbstractJavaProjectConfigurator - Adding source folder /ejemploFragmentosPAA/src/main/java
2024-04-25 12:45:28,897 [Worker-1: Import Getting Started Content] INFO  o.e.m.j.i.AbstractJavaProjectConfigurator - Adding resource folder /ejemploFragmentosPAA/src/main/resources
2024-04-25 12:45:28,915 [Worker-1: Import Getting Started Content] INFO  o.e.m.j.i.AbstractJavaProjectConfigurator - Adding resource folder /ejemploFragmentosPAA/src/main/resources
2024-04-25 12:45:28,922 [Worker-1: Import Getting Started Content] INFO  o.e.m.j.i.AbstractJavaProjectConfigurator - Adding source folder /ejemploFragmentosPAA/src/test/java
2024-04-25 12:45:28,924 [Worker-1: Import Getting Started Content] INFO  o.e.m.j.i.AbstractJavaProjectConfigurator - Adding resource folder /ejemploFragmentosPAA/src/test/resources
2024-04-25 12:45:30,374 [Worker-1: Import Getting Started Content] INFO  o.e.m.c.i.p.ProjectConfigurationManager - Imported and configured 1 project(s) in 7 sec
2024-04-25 12:45:30,377 [Worker-1: Import Getting Started Content] INFO  o.e.m.c.i.p.ProjectConfigurationManager - Update started
2024-04-25 12:45:30,693 [Worker-1: Import Getting Started Content] INFO  o.e.m.c.i.l.LifecycleMappingFactory - Using org.eclipse.m2e.jdt.JarLifecycleMapping lifecycle mapping for MavenProject: com.salesianostrina.dam:ejemploFragmentosPAA:0.0.1-SNAPSHOT @ C:\Users\alonso.aypat22_trian\Desktop\DAM1\Programación\ejemplosangel\ejemploFragmentosPAA\pom.xml.
2024-04-25 12:45:31,422 [Worker-1: Import Getting Started Content] INFO  o.e.m.j.i.AbstractJavaProjectConfigurator - Adding source folder /ejemploFragmentosPAA/src/main/java
2024-04-25 12:45:31,423 [Worker-1: Import Getting Started Content] INFO  o.e.m.j.i.AbstractJavaProjectConfigurator - Adding resource folder /ejemploFragmentosPAA/src/main/resources
2024-04-25 12:45:31,424 [Worker-1: Import Getting Started Content] INFO  o.e.m.j.i.AbstractJavaProjectConfigurator - Adding resource folder /ejemploFragmentosPAA/src/main/resources
2024-04-25 12:45:31,425 [Worker-1: Import Getting Started Content] INFO  o.e.m.j.i.AbstractJavaProjectConfigurator - Adding source folder /ejemploFragmentosPAA/src/test/java
2024-04-25 12:45:31,426 [Worker-1: Import Getting Started Content] INFO  o.e.m.j.i.AbstractJavaProjectConfigurator - Adding resource folder /ejemploFragmentosPAA/src/test/resources
2024-04-25 12:45:32,228 [Worker-1: Import Getting Started Content] INFO  o.e.m.c.i.p.ProjectConfigurationManager - Update completed for 1 poms: local refresh takes 0,00 sec, refresh facades takes 0,00 sec, update config takes 0,00 sec 
2024-04-25 12:45:33,075 [Worker-10: Building] INFO  o.a.m.s.f.DefaultMavenResourcesFiltering - Copying 1 resource from src\main\resources to target\classes
2024-04-25 12:45:33,093 [Worker-10: Building] INFO  o.a.m.s.f.DefaultMavenResourcesFiltering - Copying 0 resource from src\main\resources to target\classes
2024-04-25 12:45:33,097 [Worker-10: Building] INFO  o.a.m.s.f.DefaultMavenResourcesFiltering - skip non existing resourceDirectory C:\Users\alonso.aypat22_trian\Desktop\DAM1\Programación\ejemplosangel\ejemploFragmentosPAA\src\test\resources
2024-04-25 12:46:38,963 [Worker-13: Building] INFO  o.a.m.s.f.DefaultMavenResourcesFiltering - Copying 0 resource from src\main\resources to target\classes
2024-04-25 12:46:38,965 [Worker-13: Building] INFO  o.a.m.s.f.DefaultMavenResourcesFiltering - Copying 1 resource from src\main\resources to target\classes
2024-04-25 12:46:38,970 [Worker-13: Building] INFO  o.a.m.s.f.DefaultMavenResourcesFiltering - skip non existing resourceDirectory C:\Users\alonso.aypat22_trian\Desktop\DAM1\Programación\ejemplosangel\ejemploFragmentosPAA\src\test\resources
2024-04-25 12:50:34,024 [Worker-12: Building] INFO  o.a.m.s.f.DefaultMavenResourcesFiltering - Copying 0 resource from src\main\resources to target\classes
2024-04-25 12:50:34,025 [Worker-12: Building] INFO  o.a.m.s.f.DefaultMavenResourcesFiltering - Copying 1 resource from src\main\resources to target\classes
2024-04-25 12:50:34,030 [Worker-12: Building] INFO  o.a.m.s.f.DefaultMavenResourcesFiltering - skip non existing resourceDirectory C:\Users\alonso.aypat22_trian\Desktop\DAM1\Programación\ejemplosangel\ejemploFragmentosPAA\src\test\resources
2024-04-25 12:51:54,934 [Worker-9: Building] INFO  o.a.m.s.f.DefaultMavenResourcesFiltering - Copying 1 resource from src\main\resources to target\classes
2024-04-25 12:51:54,950 [Worker-9: Building] INFO  o.a.m.s.f.DefaultMavenResourcesFiltering - Copying 1 resource from src\main\resources to target\classes
2024-04-25 12:51:54,954 [Worker-9: Building] INFO  o.a.m.s.f.DefaultMavenResourcesFiltering - skip non existing resourceDirectory C:\Users\alonso.aypat22_trian\Desktop\DAM1\Programación\ejemplosangel\ejemploFragmentosPAA\src\test\resources
2024-04-25 12:55:01,012 [Worker-8: Building] INFO  o.a.m.s.f.DefaultMavenResourcesFiltering - Copying 1 resource from src\main\resources to target\classes
2024-04-25 12:55:01,015 [Worker-8: Building] INFO  o.a.m.s.f.DefaultMavenResourcesFiltering - Copying 1 resource from src\main\resources to target\classes
2024-04-25 12:55:01,018 [Worker-8: Building] INFO  o.a.m.s.f.DefaultMavenResourcesFiltering - skip non existing resourceDirectory C:\Users\alonso.aypat22_trian\Desktop\DAM1\Programación\ejemplosangel\ejemploFragmentosPAA\src\test\resources
2024-04-25 12:55:49,638 [Worker-8: Building] INFO  o.a.m.s.f.DefaultMavenResourcesFiltering - Copying 0 resource from src\main\resources to target\classes
2024-04-25 12:55:49,640 [Worker-8: Building] INFO  o.a.m.s.f.DefaultMavenResourcesFiltering - Copying 1 resource from src\main\resources to target\classes
2024-04-25 12:55:49,643 [Worker-8: Building] INFO  o.a.m.s.f.DefaultMavenResourcesFiltering - skip non existing resourceDirectory C:\Users\alonso.aypat22_trian\Desktop\DAM1\Programación\ejemplosangel\ejemploFragmentosPAA\src\test\resources
2024-04-25 13:06:35,916 [Worker-20: Building] INFO  o.a.m.s.f.DefaultMavenResourcesFiltering - Copying 0 resource from src\main\resources to target\classes
2024-04-25 13:06:35,917 [Worker-20: Building] INFO  o.a.m.s.f.DefaultMavenResourcesFiltering - Copying 1 resource from src\main\resources to target\classes
2024-04-25 13:06:35,921 [Worker-20: Building] INFO  o.a.m.s.f.DefaultMavenResourcesFiltering - skip non existing resourceDirectory C:\Users\alonso.aypat22_trian\Desktop\DAM1\Programación\ejemplosangel\ejemploFragmentosPAA\src\test\resources
2024-04-25 13:07:59,749 [Worker-16: Building] INFO  o.a.m.s.f.DefaultMavenResourcesFiltering - Copying 1 resource from src\main\resources to target\classes
2024-04-25 13:07:59,770 [Worker-16: Building] INFO  o.a.m.s.f.DefaultMavenResourcesFiltering - Copying 0 resource from src\main\resources to target\classes
2024-04-25 13:07:59,774 [Worker-16: Building] INFO  o.a.m.s.f.DefaultMavenResourcesFiltering - skip non existing resourceDirectory C:\Users\alonso.aypat22_trian\Desktop\DAM1\Programación\ejemplosangel\ejemploFragmentosPAA\src\test\resources
2024-04-25 13:09:15,075 [Worker-18: Launching ejemploFragmentosPAA - EjemploFragmentosPaaApplication] INFO  o.a.m.s.f.DefaultMavenResourcesFiltering - Copying 1 resource from src\main\resources to target\classes
2024-04-25 13:09:15,079 [Worker-18: Launching ejemploFragmentosPAA - EjemploFragmentosPaaApplication] INFO  o.a.m.s.f.DefaultMavenResourcesFiltering - Copying 2 resources from src\main\resources to target\classes
2024-04-25 13:09:15,083 [Worker-18: Launching ejemploFragmentosPAA - EjemploFragmentosPaaApplication] INFO  o.a.m.s.f.DefaultMavenResourcesFiltering - skip non existing resourceDirectory C:\Users\alonso.aypat22_trian\Desktop\DAM1\Programación\ejemplosangel\ejemploFragmentosPAA\src\test\resources
2024-04-25 13:20:41,488 [Worker-16: Building] INFO  o.a.m.s.f.DefaultMavenResourcesFiltering - Copying 1 resource from src\main\resources to target\classes
2024-04-25 13:20:41,505 [Worker-16: Building] INFO  o.a.m.s.f.DefaultMavenResourcesFiltering - Copying 2 resources from src\main\resources to target\classes
2024-04-25 13:20:41,508 [Worker-16: Building] INFO  o.a.m.s.f.DefaultMavenResourcesFiltering - skip non existing resourceDirectory C:\Users\alonso.aypat22_trian\Desktop\DAM1\Programación\ejemplosangel\ejemploFragmentosPAA\src\test\resources
2024-04-25 13:21:39,903 [Worker-24: Building] INFO  o.a.m.s.f.DefaultMavenResourcesFiltering - Copying 0 resource from src\main\resources to target\classes
2024-04-25 13:21:39,905 [Worker-24: Building] INFO  o.a.m.s.f.DefaultMavenResourcesFiltering - Copying 1 resource from src\main\resources to target\classes
2024-04-25 13:21:39,909 [Worker-24: Building] INFO  o.a.m.s.f.DefaultMavenResourcesFiltering - skip non existing resourceDirectory C:\Users\alonso.aypat22_trian\Desktop\DAM1\Programación\ejemplosangel\ejemploFragmentosPAA\src\test\resources
2024-04-25 13:23:40,259 [Worker-23: Building] INFO  o.a.m.s.f.DefaultMavenResourcesFiltering - Copying 0 resource from src\main\resources to target\classes
2024-04-25 13:23:40,261 [Worker-23: Building] INFO  o.a.m.s.f.DefaultMavenResourcesFiltering - Copying 1 resource from src\main\resources to target\classes
2024-04-25 13:23:40,266 [Worker-23: Building] INFO  o.a.m.s.f.DefaultMavenResourcesFiltering - skip non existing resourceDirectory C:\Users\alonso.aypat22_trian\Desktop\DAM1\Programación\ejemplosangel\ejemploFragmentosPAA\src\test\resources
2024-04-25 13:24:35,855 [Worker-21: Building] INFO  o.a.m.s.f.DefaultMavenResourcesFiltering - Copying 1 resource from src\main\resources to target\classes
2024-04-25 13:24:35,859 [Worker-21: Building] INFO  o.a.m.s.f.DefaultMavenResourcesFiltering - Copying 2 resources from src\main\resources to target\classes
2024-04-25 13:24:35,863 [Worker-21: Building] INFO  o.a.m.s.f.DefaultMavenResourcesFiltering - skip non existing resourceDirectory C:\Users\alonso.aypat22_trian\Desktop\DAM1\Programación\ejemplosangel\ejemploFragmentosPAA\src\test\resources
2024-04-25 13:27:27,305 [Worker-1: Loading available Gradle versions] INFO  o.e.b.c.i.u.g.PublishedGradleVersions - Gradle version information cache is out-of-date. Trying to update.
2024-04-25 13:27:58,406 [Worker-2: Building] INFO  o.e.m.c.i.l.LifecycleMappingFactory - Using org.eclipse.m2e.jdt.JarLifecycleMapping lifecycle mapping for MavenProject: com.salesianostriana.dam:ud8e04fragmentos:0.0.1-SNAPSHOT @ C:\Users\alonso.aypat22_trian\Desktop\DAM1\Programación\ejemplosangel\UD8E04Fragmentos\pom.xml.
2024-04-25 13:28:00,273 [Worker-2: Building] INFO  o.a.m.s.f.DefaultMavenResourcesFiltering - Copying 1 resource from src\main\resources to target\classes
2024-04-25 13:28:00,292 [Worker-2: Building] INFO  o.a.m.s.f.DefaultMavenResourcesFiltering - Copying 6 resources from src\main\resources to target\classes
2024-04-25 13:28:00,312 [Worker-2: Building] INFO  o.a.m.s.f.DefaultMavenResourcesFiltering - skip non existing resourceDirectory C:\Users\alonso.aypat22_trian\Desktop\DAM1\Programación\ejemplosangel\UD8E04Fragmentos\src\test\resources
2024-04-25 13:28:01,545 [Worker-12: Building] INFO  o.a.m.s.f.DefaultMavenResourcesFiltering - Copying 1 resource from src\main\resources to target\classes
2024-04-25 13:28:01,546 [Worker-12: Building] INFO  o.a.m.s.f.DefaultMavenResourcesFiltering - Copying 6 resources from src\main\resources to target\classes
2024-04-25 13:28:01,563 [Worker-12: Building] INFO  o.a.m.s.f.DefaultMavenResourcesFiltering - skip non existing resourceDirectory C:\Users\alonso.aypat22_trian\Desktop\DAM1\Programación\ejemplosangel\UD8E04Fragmentos\src\test\resources
2024-04-26 10:09:26,131 [Worker-0: Loading available Gradle versions] INFO  o.e.b.c.i.u.g.PublishedGradleVersions - Gradle version information cache is up-to-date. Trying to read.
2024-04-26 10:09:35,364 [Worker-2: Updating Maven Dependencies] INFO  o.e.m.c.i.l.LifecycleMappingFactory - Using org.eclipse.m2e.jdt.JarLifecycleMapping lifecycle mapping for MavenProject: com.salesianostriana.dam:ud8e02operacionesycondiciones:0.0.1-SNAPSHOT @ C:\Users\alonso.aypat22_trian\Desktop\DAM1\Programación\ejemplosangel\UD8E02OperacionesYCondiciones\pom.xml.
2024-04-26 10:09:38,963 [Worker-2: Updating Maven Dependencies] INFO  o.e.m.c.i.l.LifecycleMappingFactory - Using org.eclipse.m2e.jdt.JarLifecycleMapping lifecycle mapping for MavenProject: com.salesianostriana.dam:ud8e03buclesyswitch:0.0.1-SNAPSHOT @ C:\Users\alonso.aypat22_trian\Desktop\DAM1\Programación\ejemplosangel\UD8E03BuclesYSwitch\pom.xml.
2024-04-26 10:09:39,199 [Worker-2: Updating Maven Dependencies] INFO  o.e.m.c.i.l.LifecycleMappingFactory - Using org.eclipse.m2e.jdt.JarLifecycleMapping lifecycle mapping for MavenProject: com.salesianostriana.dam:ud8e04fragmentos:0.0.1-SNAPSHOT @ C:\Users\alonso.aypat22_trian\Desktop\DAM1\Programación\ejemplosangel\UD8E04Fragmentos\pom.xml.
